<?xml version="1.0" encoding="UTF-8"?>
<testsuite xmlns:xsi="http://www.w3.org/2001/XMLSchema-instance" xsi:noNamespaceSchemaLocation="https://maven.apache.org/surefire/maven-surefire-plugin/xsd/surefire-test-report-3.0.xsd" version="3.0" name="com.TrainderCRUD.controller.TrainerServiceTest" time="0.036" tests="5" errors="0" skipped="0" failures="0">
  <properties>
[...]
</properties>
  <testcase name="testCreateTrainer" classname="com.TrainderCRUD.controller.TrainerServiceTest" time="0.017"/>
  <testcase name="testUpdateTrainer" classname="com.TrainderCRUD.controller.TrainerServiceTest" time="0.0"/>
  <testcase name="testDeleteTrainer" classname="com.TrainderCRUD.controller.TrainerServiceTest" time="0.003"/>
  <testcase name="testReadAllTrainers" classname="com.TrainderCRUD.controller.TrainerServiceTest" time="0.003"/>
  <testcase name="testReadTrainer" classname="com.TrainderCRUD.controller.TrainerServiceTest" time="0.001"/>
</testsuite>